<?xml version="1.0" encoding="UTF-8"?>
<testng-results ignored="0" total="2" passed="2" failed="0" skipped="0">
  <reporter-output>
  </reporter-output>
  <suite started-at="2023-12-07T22:47:04 IST" name="Default Suite" finished-at="2023-12-07T22:47:18 IST" duration-ms="13274">
    <groups>
    </groups>
    <test started-at="2023-12-07T22:47:04 IST" name="TestNGProjects" finished-at="2023-12-07T22:47:18 IST" duration-ms="13274">
      <class name="GoogleTest">
        <test-method is-config="true" signature="setup()[pri:0, instance:GoogleTest@68567e20]" started-at="2023-12-07T22:47:04 IST" name="setup" finished-at="2023-12-07T22:47:12 IST" duration-ms="7343" status="PASS">
          <reporter-output>
          </reporter-output>
        </test-method> <!-- setup -->
        <test-method signature="googleLogoTest()[pri:0, instance:GoogleTest@68567e20]" started-at="2023-12-07T22:47:12 IST" name="googleLogoTest" finished-at="2023-12-07T22:47:12 IST" duration-ms="96" status="PASS">
          <reporter-output>
          </reporter-output>
        </test-method> <!-- googleLogoTest -->
        <test-method is-config="true" signature="teardown()[pri:0, instance:GoogleTest@68567e20]" started-at="2023-12-07T22:47:12 IST" name="teardown" finished-at="2023-12-07T22:47:12 IST" duration-ms="258" status="PASS">
          <reporter-output>
          </reporter-output>
        </test-method> <!-- teardown -->
        <test-method is-config="true" signature="setup()[pri:0, instance:GoogleTest@68567e20]" started-at="2023-12-07T22:47:12 IST" name="setup" finished-at="2023-12-07T22:47:17 IST" duration-ms="5186" status="PASS">
          <reporter-output>
          </reporter-output>
        </test-method> <!-- setup -->
        <test-method signature="googletitleclick()[pri:0, instance:GoogleTest@68567e20]" started-at="2023-12-07T22:47:17 IST" name="googletitleclick" finished-at="2023-12-07T22:47:17 IST" duration-ms="43" status="PASS">
          <reporter-output>
          </reporter-output>
        </test-method> <!-- googletitleclick -->
        <test-method is-config="true" signature="teardown()[pri:0, instance:GoogleTest@68567e20]" started-at="2023-12-07T22:47:17 IST" name="teardown" finished-at="2023-12-07T22:47:18 IST" duration-ms="256" status="PASS">
          <reporter-output>
          </reporter-output>
        </test-method> <!-- teardown -->
      </class> <!-- GoogleTest -->
    </test> <!-- TestNGProjects -->
  </suite> <!-- Default Suite -->
</testng-results>
